<?xml version="1.0" encoding="UTF-8"?>
<!-- Generated by org.testng.reporters.JUnitReportReporter -->
<testsuite hostname="LAPTOP-TJ33SVI5" name="mar1.PropertyFiles" tests="1" failures="0" timestamp="25 Apr 2021 16:15:00 GMT" time="12.143" errors="0">
  <testcase name="verifylogin" time="12.143" classname="mar1.PropertyFiles"/>
</testsuite> <!-- mar1.PropertyFiles -->
